<?xml version="1.0" encoding="UTF-8"?>
<!-- Generated by org.testng.reporters.JUnitReportReporter -->
<testsuite skipped="0" hostname="YESs-MacBook-Pro.local" name="SignupButtonTest" tests="1" failures="0" timestamp="24 Mar 2019 21:17:47 GMT" time="30.684" errors="0">
  <testcase name="signUpButtonClickedTest" time="30.684" classname="SignupButtonTest"/>
</testsuite> <!-- SignupButtonTest -->
