<?xml version="1.0" encoding="UTF-8"?>
<!-- Generated by org.testng.reporters.JUnitReportReporter -->
<testsuite skipped="0" hostname="YESs-MacBook-Pro.local" name="EmailLoginTest" tests="1" failures="0" timestamp="24 Mar 2019 21:17:42 GMT" time="56.829" errors="0">
  <testcase name="emailLoginButtonClickedTest" time="56.829" classname="EmailLoginTest"/>
</testsuite> <!-- EmailLoginTest -->
